<?xml version="1.0" encoding="UTF-8"?>
<!-- Generated by org.testng.reporters.JUnitXMLReporter -->
<testsuite ignored="0" hostname="LAPTOP-D43U538Q" failures="1" tests="2" name="Test" time="23.265" errors="0" timestamp="2025-02-12T20:46:13 IST">
  <testcase classname="testCases.TC001_AccountRegistrationTest" name="verifyAccountRegistration" time="1.717"/>
  <testcase classname="testCases.TC002_LoginTest" name="verifyLoginFunctionality" time="6.041">
    <failure type="java.lang.AssertionError" message="Login failed.. expected [true] but found [false]">
      <![CDATA[java.lang.AssertionError: Login failed.. expected [true] but found [false]
at testCases.TC002_LoginTest.verifyLoginFunctionality(TC002_LoginTest.java:39)
at java.base/java.util.ArrayList.forEach(ArrayList.java:1597)
... Removed 28 stack frames]]>
    </failure>
  </testcase> <!-- verifyLoginFunctionality -->
</testsuite> <!-- Test -->
