<?xml version="1.0" encoding="UTF-8"?>
<!-- Generated by org.testng.reporters.JUnitXMLReporter -->
<testsuite ignored="0" hostname="LAPTOP-D43U538Q" failures="0" tests="2" name="Surefire test" time="20.815" errors="0" timestamp="2025-02-19T00:21:21 IST">
  <testcase classname="testCases.TC001_AccountRegistrationTest" name="verifyAccountRegistration" time="2.376"/>
  <testcase classname="testCases.TC002_LoginTest" name="verifyLoginFunctionality" time="1.702"/>
</testsuite> <!-- Surefire test -->
