<?xml version="1.0" encoding="UTF-8"?>
<testng-results ignored="0" total="1" passed="1" failed="0" skipped="0">
  <reporter-output>
  </reporter-output>
  <suite started-at="2025-02-25T13:41:14 IST" name="Master Suite" finished-at="2025-02-25T13:41:20 IST" duration-ms="5340">
    <groups>
    </groups>
    <test started-at="2025-02-25T13:41:14 IST" name="Test" finished-at="2025-02-25T13:41:20 IST" duration-ms="5340">
      <class name="testCases.registerFunctionality.TC_RF_003_RegisterWithAllFields">
        <test-method is-config="true" signature="setUp(java.lang.String,java.lang.String)[pri:0, instance:testCases.registerFunctionality.TC_RF_003_RegisterWithAllFields@db57326]" started-at="2025-02-25T13:41:14 IST" name="setUp" finished-at="2025-02-25T13:41:16 IST" duration-ms="1990" status="PASS">
          <params>
            <param index="0">
              <value>
                <![CDATA[Windows]]>
              </value>
            </param>
            <param index="1">
              <value>
                <![CDATA[edge]]>
              </value>
            </param>
          </params>
          <reporter-output>
          </reporter-output>
        </test-method> <!-- setUp -->
        <test-method signature="registerWithAllFields()[pri:0, instance:testCases.registerFunctionality.TC_RF_003_RegisterWithAllFields@db57326]" started-at="2025-02-25T13:41:16 IST" name="registerWithAllFields" finished-at="2025-02-25T13:41:18 IST" duration-ms="1879" status="PASS">
          <reporter-output>
          </reporter-output>
        </test-method> <!-- registerWithAllFields -->
        <test-method is-config="true" signature="tearDown()[pri:0, instance:testCases.registerFunctionality.TC_RF_003_RegisterWithAllFields@db57326]" started-at="2025-02-25T13:41:18 IST" name="tearDown" finished-at="2025-02-25T13:41:20 IST" duration-ms="1264" status="PASS">
          <reporter-output>
          </reporter-output>
        </test-method> <!-- tearDown -->
      </class> <!-- testCases.registerFunctionality.TC_RF_003_RegisterWithAllFields -->
    </test> <!-- Test -->
  </suite> <!-- Master Suite -->
</testng-results>
